<?xml version="1.0" encoding="UTF-8"?>
<testsuite xmlns:xsi="http://www.w3.org/2001/XMLSchema-instance" xsi:noNamespaceSchemaLocation="https://maven.apache.org/surefire/maven-surefire-plugin/xsd/surefire-test-report-3.0.xsd" version="3.0" name="com.example.tennis.game.TennisTest" time="0.231" tests="33" errors="0" skipped="0" failures="0">
  <properties>
[...]
</properties>
  <testcase name="checkAllScoresTennisGame1(int, int, String)[1]" classname="com.example.tennis.game.TennisTest" time="0.055"/>
  <testcase name="checkAllScoresTennisGame1(int, int, String)[2]" classname="com.example.tennis.game.TennisTest" time="0.002"/>
  <testcase name="checkAllScoresTennisGame1(int, int, String)[3]" classname="com.example.tennis.game.TennisTest" time="0.0"/>
  <testcase name="checkAllScoresTennisGame1(int, int, String)[4]" classname="com.example.tennis.game.TennisTest" time="0.0"/>
  <testcase name="checkAllScoresTennisGame1(int, int, String)[5]" classname="com.example.tennis.game.TennisTest" time="0.003"/>
  <testcase name="checkAllScoresTennisGame1(int, int, String)[6]" classname="com.example.tennis.game.TennisTest" time="0.002"/>
  <testcase name="checkAllScoresTennisGame1(int, int, String)[7]" classname="com.example.tennis.game.TennisTest" time="0.0"/>
  <testcase name="checkAllScoresTennisGame1(int, int, String)[8]" classname="com.example.tennis.game.TennisTest" time="0.0"/>
  <testcase name="checkAllScoresTennisGame1(int, int, String)[9]" classname="com.example.tennis.game.TennisTest" time="0.002"/>
  <testcase name="checkAllScoresTennisGame1(int, int, String)[10]" classname="com.example.tennis.game.TennisTest" time="0.001"/>
  <testcase name="checkAllScoresTennisGame1(int, int, String)[11]" classname="com.example.tennis.game.TennisTest" time="0.0"/>
  <testcase name="checkAllScoresTennisGame1(int, int, String)[12]" classname="com.example.tennis.game.TennisTest" time="0.006"/>
  <testcase name="checkAllScoresTennisGame1(int, int, String)[13]" classname="com.example.tennis.game.TennisTest" time="0.0"/>
  <testcase name="checkAllScoresTennisGame1(int, int, String)[14]" classname="com.example.tennis.game.TennisTest" time="0.001"/>
  <testcase name="checkAllScoresTennisGame1(int, int, String)[15]" classname="com.example.tennis.game.TennisTest" time="0.0"/>
  <testcase name="checkAllScoresTennisGame1(int, int, String)[16]" classname="com.example.tennis.game.TennisTest" time="0.003"/>
  <testcase name="checkAllScoresTennisGame1(int, int, String)[17]" classname="com.example.tennis.game.TennisTest" time="0.002"/>
  <testcase name="checkAllScoresTennisGame1(int, int, String)[18]" classname="com.example.tennis.game.TennisTest" time="0.002"/>
  <testcase name="checkAllScoresTennisGame1(int, int, String)[19]" classname="com.example.tennis.game.TennisTest" time="0.0"/>
  <testcase name="checkAllScoresTennisGame1(int, int, String)[20]" classname="com.example.tennis.game.TennisTest" time="0.0"/>
  <testcase name="checkAllScoresTennisGame1(int, int, String)[21]" classname="com.example.tennis.game.TennisTest" time="0.0"/>
  <testcase name="checkAllScoresTennisGame1(int, int, String)[22]" classname="com.example.tennis.game.TennisTest" time="0.001"/>
  <testcase name="checkAllScoresTennisGame1(int, int, String)[23]" classname="com.example.tennis.game.TennisTest" time="0.001"/>
  <testcase name="checkAllScoresTennisGame1(int, int, String)[24]" classname="com.example.tennis.game.TennisTest" time="0.0"/>
  <testcase name="checkAllScoresTennisGame1(int, int, String)[25]" classname="com.example.tennis.game.TennisTest" time="0.002"/>
  <testcase name="checkAllScoresTennisGame1(int, int, String)[26]" classname="com.example.tennis.game.TennisTest" time="0.0"/>
  <testcase name="checkAllScoresTennisGame1(int, int, String)[27]" classname="com.example.tennis.game.TennisTest" time="0.003"/>
  <testcase name="checkAllScoresTennisGame1(int, int, String)[28]" classname="com.example.tennis.game.TennisTest" time="0.0"/>
  <testcase name="checkAllScoresTennisGame1(int, int, String)[29]" classname="com.example.tennis.game.TennisTest" time="0.002"/>
  <testcase name="checkAllScoresTennisGame1(int, int, String)[30]" classname="com.example.tennis.game.TennisTest" time="0.003"/>
  <testcase name="checkAllScoresTennisGame1(int, int, String)[31]" classname="com.example.tennis.game.TennisTest" time="0.003"/>
  <testcase name="checkAllScoresTennisGame1(int, int, String)[32]" classname="com.example.tennis.game.TennisTest" time="0.0"/>
  <testcase name="checkAllScoresTennisGame1(int, int, String)[33]" classname="com.example.tennis.game.TennisTest" time="0.002"/>
</testsuite>